Array
(
    [0] => User Object
        (
            [firstName] => Mansur
            [lastName] => Hamidov
            [months] => Array
                (
                    [0] => UserScheduleMonth Object
                        (
                            [schedules] => Array
                                (
                                    [0] => UserSchedule Object
                                        (
                                            [date] => DateTime Object
                                                (
                                                    [date] => 2025-10-10 00:00:00.000000
                                                    [timezone_type] => 3
                                                    [timezone] => UTC
                                                )

                                            [time] => 
                                        )

                                )

                        )

                    [1] => UserScheduleMonth Object
                        (
                            [schedules] => Array
                                (
                                    [0] => UserSchedule Object
                                        (
                                            [date] => 
                                            [time] => DateTime Object
                                                (
                                                    [date] => 1970-01-01 10:00:00.000000
                                                    [timezone_type] => 3
                                                    [timezone] => UTC
                                                )

                                        )

                                )

                        )

                    [2] => UserScheduleMonth Object
                        (
                            [schedules] => Array
                                (
                                    [1] => UserSchedule Object
                                        (
                                            [date] => DateTime Object
                                                (
                                                    [date] => 2025-10-15 00:00:00.000000
                                                    [timezone_type] => 3
                                                    [timezone] => UTC
                                                )

                                            [time] => 
                                        )

                                )

                        )

                    [3] => UserScheduleMonth Object
                        (
                            [schedules] => Array
                                (
                                    [1] => UserSchedule Object
                                        (
                                            [date] => 
                                            [time] => DateTime Object
                                                (
                                                    [date] => 1970-01-01 11:00:00.000000
                                                    [timezone_type] => 3
                                                    [timezone] => UTC
                                                )

                                        )

                                )

                        )

                    [4] => UserScheduleMonth Object
                        (
                            [schedules] => Array
                                (
                                    [0] => UserSchedule Object
                                        (
                                            [date] => DateTime Object
                                                (
                                                    [date] => 2025-11-14 00:00:00.000000
                                                    [timezone_type] => 3
                                                    [timezone] => UTC
                                                )

                                            [time] => 
                                        )

                                )

                        )

                    [5] => UserScheduleMonth Object
                        (
                            [schedules] => Array
                                (
                                    [2] => UserSchedule Object
                                        (
                                            [date] => DateTime Object
                                                (
                                                    [date] => 2025-11-14 00:00:00.000000
                                                    [timezone_type] => 3
                                                    [timezone] => UTC
                                                )

                                            [time] => 
                                        )

                                )

                        )

                    [6] => UserScheduleMonth Object
                        (
                            [schedules] => Array
                                (
                                    [0] => UserSchedule Object
                                        (
                                            [date] => 
                                            [time] => DateTime Object
                                                (
                                                    [date] => 1970-01-01 13:00:00.000000
                                                    [timezone_type] => 3
                                                    [timezone] => UTC
                                                )

                                        )

                                )

                        )

                    [7] => UserScheduleMonth Object
                        (
                            [schedules] => Array
                                (
                                    [2] => UserSchedule Object
                                        (
                                            [date] => 
                                            [time] => DateTime Object
                                                (
                                                    [date] => 1970-01-01 13:00:00.000000
                                                    [timezone_type] => 3
                                                    [timezone] => UTC
                                                )

                                        )

                                )

                        )

                    [8] => UserScheduleMonth Object
                        (
                            [schedules] => Array
                                (
                                    [1] => UserSchedule Object
                                        (
                                            [date] => DateTime Object
                                                (
                                                    [date] => 2025-11-16 00:00:00.000000
                                                    [timezone_type] => 3
                                                    [timezone] => UTC
                                                )

                                            [time] => 
                                        )

                                )

                        )

                    [9] => UserScheduleMonth Object
                        (
                            [schedules] => Array
                                (
                                    [1] => UserSchedule Object
                                        (
                                            [date] => 
                                            [time] => DateTime Object
                                                (
                                                    [date] => 1970-01-01 14:00:00.000000
                                                    [timezone_type] => 3
                                                    [timezone] => UTC
                                                )

                                        )

                                )

                        )

                    [10] => UserScheduleMonth Object
                        (
                            [schedules] => Array
                                (
                                    [2] => UserSchedule Object
                                        (
                                            [date] => DateTime Object
                                                (
                                                    [date] => 2025-12-14 00:00:00.000000
                                                    [timezone_type] => 3
                                                    [timezone] => UTC
                                                )

                                            [time] => 
                                        )

                                )

                        )

                    [11] => UserScheduleMonth Object
                        (
                            [schedules] => Array
                                (
                                    [2] => UserSchedule Object
                                        (
                                            [date] => 
                                            [time] => DateTime Object
                                                (
                                                    [date] => 1970-01-01 15:00:00.000000
                                                    [timezone_type] => 3
                                                    [timezone] => UTC
                                                )

                                        )

                                )

                        )

                )

        )

)
